{"level":"info","message":"Success get list users","service":"User Service","timestamp":"2024-05-28 16:23:30"}
{"level":"info","message":"Success get list users","service":"User Service","timestamp":"2024-05-28 16:23:42"}
{"level":"info","message":"Success get list users","service":"User Service","timestamp":"2024-05-28 16:24:28"}
{"level":"info","message":"Success get list users","service":"User Service","timestamp":"2024-05-28 16:24:34"}
{"level":"info","message":"Success get list users","service":"User Service","timestamp":"2024-05-28 16:24:35"}
{"level":"info","message":"Success get list users","service":"User Service","timestamp":"2024-05-28 16:24:35"}
{"level":"info","message":"Success get list users","service":"User Service","timestamp":"2024-05-28 16:24:36"}
{"level":"info","message":"Success get list users","service":"User Service","timestamp":"2024-05-28 16:24:37"}
{"level":"info","message":"Success get list users","service":"User Service","timestamp":"2024-05-28 16:24:38"}
{"level":"info","message":"Success get list users","service":"User Service","timestamp":"2024-05-28 16:24:39"}
{"level":"info","message":"Success get list users","service":"User Service","timestamp":"2024-05-28 16:32:58"}
{"level":"info","message":"Success get list users","service":"User Service","timestamp":"2024-05-28 16:37:45"}
{"level":"info","message":"Success get list users","service":"User Service","timestamp":"2024-05-28 16:37:50"}
{"level":"info","message":"Success get list users","service":"User Service","timestamp":"2024-05-28 16:37:54"}
{"level":"info","message":"Success get list users","service":"User Service","timestamp":"2024-05-28 17:35:16"}
{"level":"info","message":"Success get list users","service":"User Service","timestamp":"2024-05-28 17:35:19"}
{"level":"info","message":"Success get list users","service":"User Service","timestamp":"2024-05-28 17:35:20"}
{"level":"info","message":"Success get list users","service":"User Service","timestamp":"2024-05-28 17:35:22"}
{"level":"info","message":"Success get list users","service":"User Service","timestamp":"2024-05-28 17:38:54"}
{"level":"info","message":"Success get list users","service":"User Service","timestamp":"2024-05-28 17:38:56"}
{"level":"info","message":"Success get list users","service":"User Service","timestamp":"2024-05-28 17:40:03"}
{"level":"info","message":"Success get list users","service":"User Service","timestamp":"2024-05-28 18:19:08"}
{"level":"info","message":"Success get list users","service":"User Service","timestamp":"2024-05-28 18:19:20"}
{"level":"info","message":"Success get list users","service":"User Service","timestamp":"2024-05-28 18:20:12"}
{"level":"info","message":"Success get list users","service":"User Service","timestamp":"2024-05-28 18:20:14"}
{"level":"info","message":"Success get list users","service":"User Service","timestamp":"2024-05-28 18:20:14"}
{"level":"info","message":"Success created 1000 users","service":"User Service","timestamp":"2024-05-28 18:56:27"}
{"level":"error","message":"Internal server error create users: Internal server error","service":"User Service","timestamp":"2024-05-28 18:56:27"}
{"level":"info","message":"Success get list users","service":"User Service","timestamp":"2024-05-28 18:56:27"}
{"level":"error","message":"Failed get list users with RTO","service":"User Service","timestamp":"2024-05-28 18:56:27"}
{"level":"error","message":"Internal server error With get list users","service":"User Service","timestamp":"2024-05-28 18:56:27"}
{"level":"info","message":"Success get detail users validUserId","service":"User Service","timestamp":"2024-05-28 18:56:27"}
{"level":"error","message":"Request timed out while fetching user validUserId","service":"User Service","timestamp":"2024-05-28 18:56:27"}
{"level":"error","message":"Failed get detail users validUserId","service":"User Service","timestamp":"2024-05-28 18:56:27"}
{"level":"info","message":"Success update users validUserId","service":"User Service","timestamp":"2024-05-28 18:56:27"}
{"level":"error","message":"Failed update users validUserId","service":"User Service","timestamp":"2024-05-28 18:56:27"}
{"level":"info","message":"Success update password for user validUser","service":"User Service","timestamp":"2024-05-28 18:56:27"}
{"level":"error","message":"Failed update password for user validUserId","service":"User Service","timestamp":"2024-05-28 18:56:27"}
{"level":"info","message":"Success delete users valudUserId","service":"User Service","timestamp":"2024-05-28 18:56:27"}
{"level":"error","message":"Failed delete users validUserId","service":"User Service","timestamp":"2024-05-28 18:56:27"}
{"level":"info","message":"Success create users john@example.com","service":"User Service","timestamp":"2024-05-28 18:57:38"}
{"level":"error","message":"Internal server error create users: Internal server error","service":"User Service","timestamp":"2024-05-28 18:57:38"}
{"level":"info","message":"Success get list users","service":"User Service","timestamp":"2024-05-28 18:57:38"}
{"level":"error","message":"Failed get list users with RTO","service":"User Service","timestamp":"2024-05-28 18:57:38"}
{"level":"error","message":"Internal server error With get list users","service":"User Service","timestamp":"2024-05-28 18:57:38"}
{"level":"info","message":"Success get detail users validUserId","service":"User Service","timestamp":"2024-05-28 18:57:38"}
{"level":"error","message":"Request timed out while fetching user validUserId","service":"User Service","timestamp":"2024-05-28 18:57:38"}
{"level":"error","message":"Failed get detail users validUserId","service":"User Service","timestamp":"2024-05-28 18:57:38"}
{"level":"info","message":"Success update users validUserId","service":"User Service","timestamp":"2024-05-28 18:57:38"}
{"level":"error","message":"Failed update users validUserId","service":"User Service","timestamp":"2024-05-28 18:57:38"}
{"level":"info","message":"Success update password for user validUser","service":"User Service","timestamp":"2024-05-28 18:57:38"}
{"level":"error","message":"Failed update password for user validUserId","service":"User Service","timestamp":"2024-05-28 18:57:38"}
{"level":"info","message":"Success delete users valudUserId","service":"User Service","timestamp":"2024-05-28 18:57:38"}
{"level":"error","message":"Failed delete users validUserId","service":"User Service","timestamp":"2024-05-28 18:57:38"}
