{"level":"info","message":"Success create users john@example.com","service":"User Service","timestamp":"2024-05-20 14:11:11"}
{"level":"error","message":"Internal server error create users","service":"User Service","timestamp":"2024-05-20 14:11:11"}
{"level":"info","message":"Success get list users","service":"User Service","timestamp":"2024-05-20 14:11:11"}
{"level":"error","message":"Failed with RTO","service":"User Service","timestamp":"2024-05-20 14:11:11"}
{"level":"error","message":"Internal server error With getAllUsers","service":"User Service","timestamp":"2024-05-20 14:11:11"}
{"level":"info","message":"Success get detail users validUserId","service":"User Service","timestamp":"2024-05-20 14:11:11"}
{"level":"error","message":"Request timed out while fetching user validUserId","service":"User Service","timestamp":"2024-05-20 14:11:11"}
{"level":"error","message":"Failed get detail users validUserId","service":"User Service","timestamp":"2024-05-20 14:11:11"}
{"level":"info","message":"Success create users john@example.com","service":"User Service","timestamp":"2024-05-20 14:12:51"}
{"level":"error","message":"Internal server error create users","service":"User Service","timestamp":"2024-05-20 14:12:51"}
{"level":"info","message":"Success get list users","service":"User Service","timestamp":"2024-05-20 14:12:51"}
{"level":"error","message":"Failed with RTO","service":"User Service","timestamp":"2024-05-20 14:12:51"}
{"level":"error","message":"Internal server error With getAllUsers","service":"User Service","timestamp":"2024-05-20 14:12:51"}
{"level":"info","message":"Success get detail users validUserId","service":"User Service","timestamp":"2024-05-20 14:12:51"}
{"level":"error","message":"Request timed out while fetching user validUserId","service":"User Service","timestamp":"2024-05-20 14:12:51"}
{"level":"error","message":"Failed get detail users validUserId","service":"User Service","timestamp":"2024-05-20 14:12:51"}
{"level":"info","message":"Success create users john@example.com","service":"User Service","timestamp":"2024-05-20 14:13:35"}
{"level":"error","message":"Internal server error create users","service":"User Service","timestamp":"2024-05-20 14:13:35"}
{"level":"info","message":"Success get list users","service":"User Service","timestamp":"2024-05-20 14:13:35"}
{"level":"error","message":"Failed with RTO","service":"User Service","timestamp":"2024-05-20 14:13:35"}
{"level":"error","message":"Internal server error With getAllUsers","service":"User Service","timestamp":"2024-05-20 14:13:35"}
{"level":"info","message":"Success get detail users validUserId","service":"User Service","timestamp":"2024-05-20 14:13:35"}
{"level":"error","message":"Request timed out while fetching user validUserId","service":"User Service","timestamp":"2024-05-20 14:13:35"}
{"level":"error","message":"Failed get detail users validUserId","service":"User Service","timestamp":"2024-05-20 14:13:35"}
{"level":"info","message":"Success create users john@example.com","service":"User Service","timestamp":"2024-05-20 14:22:36"}
{"level":"error","message":"Internal server error create users","service":"User Service","timestamp":"2024-05-20 14:22:36"}
{"level":"info","message":"Success get list users","service":"User Service","timestamp":"2024-05-20 14:22:36"}
{"level":"error","message":"Failed with RTO","service":"User Service","timestamp":"2024-05-20 14:22:36"}
{"level":"error","message":"Internal server error With getAllUsers","service":"User Service","timestamp":"2024-05-20 14:22:36"}
{"level":"info","message":"Success get detail users validUserId","service":"User Service","timestamp":"2024-05-20 14:22:36"}
{"level":"error","message":"Request timed out while fetching user validUserId","service":"User Service","timestamp":"2024-05-20 14:22:36"}
{"level":"error","message":"Failed get detail users validUserId","service":"User Service","timestamp":"2024-05-20 14:22:36"}
{"level":"info","message":"Success update password for user validUserId","service":"User Service","timestamp":"2024-05-20 14:22:36"}
{"level":"info","message":"Success update password for user nonExistingUserId","service":"User Service","timestamp":"2024-05-20 14:22:36"}
{"level":"error","message":"Failed update password for user validUserId","service":"User Service","timestamp":"2024-05-20 14:22:36"}
{"level":"info","message":"Success create users john@example.com","service":"User Service","timestamp":"2024-05-20 14:25:09"}
{"level":"error","message":"Internal server error create users","service":"User Service","timestamp":"2024-05-20 14:25:09"}
{"level":"info","message":"Success get list users","service":"User Service","timestamp":"2024-05-20 14:25:09"}
{"level":"error","message":"Failed with RTO","service":"User Service","timestamp":"2024-05-20 14:25:09"}
{"level":"error","message":"Internal server error With getAllUsers","service":"User Service","timestamp":"2024-05-20 14:25:10"}
{"level":"info","message":"Success get detail users validUserId","service":"User Service","timestamp":"2024-05-20 14:25:10"}
{"level":"error","message":"Request timed out while fetching user validUserId","service":"User Service","timestamp":"2024-05-20 14:25:10"}
{"level":"error","message":"Failed get detail users validUserId","service":"User Service","timestamp":"2024-05-20 14:25:10"}
{"level":"info","message":"Success update password for user validUserId","service":"User Service","timestamp":"2024-05-20 14:25:10"}
{"level":"info","message":"Success update password for user nonExistingUserId","service":"User Service","timestamp":"2024-05-20 14:25:10"}
{"level":"error","message":"Failed update password for user validUserId","service":"User Service","timestamp":"2024-05-20 14:25:10"}
{"level":"info","message":"Success create users john@example.com","service":"User Service","timestamp":"2024-05-20 14:27:10"}
{"level":"error","message":"Internal server error create users","service":"User Service","timestamp":"2024-05-20 14:27:10"}
{"level":"info","message":"Success get list users","service":"User Service","timestamp":"2024-05-20 14:27:10"}
{"level":"error","message":"Failed with RTO","service":"User Service","timestamp":"2024-05-20 14:27:10"}
{"level":"error","message":"Internal server error With getAllUsers","service":"User Service","timestamp":"2024-05-20 14:27:10"}
{"level":"info","message":"Success get detail users validUserId","service":"User Service","timestamp":"2024-05-20 14:27:10"}
{"level":"error","message":"Request timed out while fetching user validUserId","service":"User Service","timestamp":"2024-05-20 14:27:10"}
{"level":"error","message":"Failed get detail users validUserId","service":"User Service","timestamp":"2024-05-20 14:27:10"}
{"level":"info","message":"Success update password for user validUserId","service":"User Service","timestamp":"2024-05-20 14:27:10"}
{"level":"info","message":"Success update password for user nonExistingUserId","service":"User Service","timestamp":"2024-05-20 14:27:10"}
{"level":"error","message":"Failed update password for user validUserId","service":"User Service","timestamp":"2024-05-20 14:27:10"}
{"level":"info","message":"Success create users john@example.com","service":"User Service","timestamp":"2024-05-20 14:28:57"}
{"level":"error","message":"Internal server error create users","service":"User Service","timestamp":"2024-05-20 14:28:57"}
{"level":"info","message":"Success get list users","service":"User Service","timestamp":"2024-05-20 14:28:57"}
{"level":"error","message":"Failed with RTO","service":"User Service","timestamp":"2024-05-20 14:28:57"}
{"level":"error","message":"Internal server error With getAllUsers","service":"User Service","timestamp":"2024-05-20 14:28:57"}
{"level":"info","message":"Success get detail users validUserId","service":"User Service","timestamp":"2024-05-20 14:28:57"}
{"level":"error","message":"Request timed out while fetching user validUserId","service":"User Service","timestamp":"2024-05-20 14:28:57"}
{"level":"error","message":"Failed get detail users validUserId","service":"User Service","timestamp":"2024-05-20 14:28:57"}
{"level":"info","message":"Success update password for user validUserId","service":"User Service","timestamp":"2024-05-20 14:28:57"}
{"level":"info","message":"Success update password for user nonExistingUserId","service":"User Service","timestamp":"2024-05-20 14:28:57"}
{"level":"error","message":"Failed update password for user validUserId","service":"User Service","timestamp":"2024-05-20 14:28:57"}
{"level":"info","message":"Success create users john@example.com","service":"User Service","timestamp":"2024-05-20 14:30:07"}
{"level":"error","message":"Internal server error create users","service":"User Service","timestamp":"2024-05-20 14:30:07"}
{"level":"info","message":"Success get list users","service":"User Service","timestamp":"2024-05-20 14:30:07"}
{"level":"error","message":"Failed with RTO","service":"User Service","timestamp":"2024-05-20 14:30:07"}
{"level":"error","message":"Internal server error With getAllUsers","service":"User Service","timestamp":"2024-05-20 14:30:07"}
{"level":"info","message":"Success get detail users validUserId","service":"User Service","timestamp":"2024-05-20 14:30:07"}
{"level":"error","message":"Request timed out while fetching user validUserId","service":"User Service","timestamp":"2024-05-20 14:30:07"}
{"level":"error","message":"Failed get detail users validUserId","service":"User Service","timestamp":"2024-05-20 14:30:07"}
{"level":"info","message":"Success update password for user validUserId","service":"User Service","timestamp":"2024-05-20 14:30:07"}
{"level":"info","message":"Success update password for user nonExistingUserId","service":"User Service","timestamp":"2024-05-20 14:30:07"}
{"level":"error","message":"Failed update password for user validUserId","service":"User Service","timestamp":"2024-05-20 14:30:07"}
{"level":"info","message":"Success create users john@example.com","service":"User Service","timestamp":"2024-05-20 14:31:15"}
{"level":"error","message":"Internal server error create users","service":"User Service","timestamp":"2024-05-20 14:31:15"}
{"level":"info","message":"Success get list users","service":"User Service","timestamp":"2024-05-20 14:31:15"}
{"level":"error","message":"Failed with RTO","service":"User Service","timestamp":"2024-05-20 14:31:15"}
{"level":"error","message":"Internal server error With getAllUsers","service":"User Service","timestamp":"2024-05-20 14:31:15"}
{"level":"info","message":"Success get detail users validUserId","service":"User Service","timestamp":"2024-05-20 14:31:15"}
{"level":"error","message":"Request timed out while fetching user validUserId","service":"User Service","timestamp":"2024-05-20 14:31:15"}
{"level":"error","message":"Failed get detail users validUserId","service":"User Service","timestamp":"2024-05-20 14:31:15"}
{"level":"info","message":"Success update password for user validUserId","service":"User Service","timestamp":"2024-05-20 14:31:15"}
{"level":"info","message":"Success update password for user ","service":"User Service","timestamp":"2024-05-20 14:31:15"}
{"level":"error","message":"Failed update password for user validUserId","service":"User Service","timestamp":"2024-05-20 14:31:15"}
{"level":"info","message":"Success create users john@example.com","service":"User Service","timestamp":"2024-05-20 14:33:20"}
{"level":"error","message":"Internal server error create users","service":"User Service","timestamp":"2024-05-20 14:33:20"}
{"level":"info","message":"Success get list users","service":"User Service","timestamp":"2024-05-20 14:33:20"}
{"level":"error","message":"Failed with RTO","service":"User Service","timestamp":"2024-05-20 14:33:20"}
{"level":"error","message":"Internal server error With getAllUsers","service":"User Service","timestamp":"2024-05-20 14:33:20"}
{"level":"info","message":"Success get detail users validUserId","service":"User Service","timestamp":"2024-05-20 14:33:20"}
{"level":"error","message":"Request timed out while fetching user validUserId","service":"User Service","timestamp":"2024-05-20 14:33:20"}
{"level":"error","message":"Failed get detail users validUserId","service":"User Service","timestamp":"2024-05-20 14:33:20"}
{"level":"info","message":"Success update password for user validUserId","service":"User Service","timestamp":"2024-05-20 14:33:20"}
{"level":"info","message":"Success update password for user ","service":"User Service","timestamp":"2024-05-20 14:33:20"}
{"level":"error","message":"Failed update password for user validUserId","service":"User Service","timestamp":"2024-05-20 14:33:20"}
{"level":"info","message":"Success create users john@example.com","service":"User Service","timestamp":"2024-05-20 14:34:43"}
{"level":"error","message":"Internal server error create users","service":"User Service","timestamp":"2024-05-20 14:34:43"}
{"level":"info","message":"Success get list users","service":"User Service","timestamp":"2024-05-20 14:34:43"}
{"level":"error","message":"Failed with RTO","service":"User Service","timestamp":"2024-05-20 14:34:43"}
{"level":"error","message":"Internal server error With getAllUsers","service":"User Service","timestamp":"2024-05-20 14:34:43"}
{"level":"info","message":"Success get detail users validUserId","service":"User Service","timestamp":"2024-05-20 14:34:43"}
{"level":"error","message":"Request timed out while fetching user validUserId","service":"User Service","timestamp":"2024-05-20 14:34:43"}
{"level":"error","message":"Failed get detail users validUserId","service":"User Service","timestamp":"2024-05-20 14:34:43"}
{"level":"info","message":"Success update password for user validUserId","service":"User Service","timestamp":"2024-05-20 14:34:43"}
{"level":"info","message":"Success update password for user nonExistingUserId","service":"User Service","timestamp":"2024-05-20 14:34:43"}
{"level":"error","message":"Failed update password for user validUserId","service":"User Service","timestamp":"2024-05-20 14:34:43"}
{"level":"info","message":"Success create users john@example.com","service":"User Service","timestamp":"2024-05-20 14:36:29"}
{"level":"error","message":"Internal server error create users","service":"User Service","timestamp":"2024-05-20 14:36:29"}
{"level":"info","message":"Success get list users","service":"User Service","timestamp":"2024-05-20 14:36:29"}
{"level":"error","message":"Failed with RTO","service":"User Service","timestamp":"2024-05-20 14:36:29"}
{"level":"error","message":"Internal server error With getAllUsers","service":"User Service","timestamp":"2024-05-20 14:36:29"}
{"level":"info","message":"Success get detail users validUserId","service":"User Service","timestamp":"2024-05-20 14:36:29"}
{"level":"error","message":"Request timed out while fetching user validUserId","service":"User Service","timestamp":"2024-05-20 14:36:29"}
{"level":"error","message":"Failed get detail users validUserId","service":"User Service","timestamp":"2024-05-20 14:36:29"}
{"level":"info","message":"Success update password for user validUserId","service":"User Service","timestamp":"2024-05-20 14:36:29"}
{"level":"info","message":"Success update password for user nonExistingUserId","service":"User Service","timestamp":"2024-05-20 14:36:29"}
{"level":"error","message":"Failed update password for user validUserId","service":"User Service","timestamp":"2024-05-20 14:36:29"}
{"level":"info","message":"Success create users john@example.com","service":"User Service","timestamp":"2024-05-20 14:38:50"}
{"level":"error","message":"Internal server error create users","service":"User Service","timestamp":"2024-05-20 14:38:50"}
{"level":"info","message":"Success get list users","service":"User Service","timestamp":"2024-05-20 14:38:50"}
{"level":"error","message":"Failed with RTO","service":"User Service","timestamp":"2024-05-20 14:38:50"}
{"level":"error","message":"Internal server error With getAllUsers","service":"User Service","timestamp":"2024-05-20 14:38:50"}
{"level":"info","message":"Success get detail users validUserId","service":"User Service","timestamp":"2024-05-20 14:38:50"}
{"level":"error","message":"Request timed out while fetching user validUserId","service":"User Service","timestamp":"2024-05-20 14:38:50"}
{"level":"error","message":"Failed get detail users validUserId","service":"User Service","timestamp":"2024-05-20 14:38:50"}
{"level":"info","message":"Success update password for user validUserId","service":"User Service","timestamp":"2024-05-20 14:38:50"}
{"level":"info","message":"Success update password for user nonExistingUserId","service":"User Service","timestamp":"2024-05-20 14:38:50"}
{"level":"error","message":"Failed update password for user validUserId","service":"User Service","timestamp":"2024-05-20 14:38:50"}
{"level":"info","message":"Success create users john@example.com","service":"User Service","timestamp":"2024-05-20 14:41:13"}
{"level":"error","message":"Internal server error create users","service":"User Service","timestamp":"2024-05-20 14:41:13"}
{"level":"info","message":"Success get list users","service":"User Service","timestamp":"2024-05-20 14:41:13"}
{"level":"error","message":"Failed with RTO","service":"User Service","timestamp":"2024-05-20 14:41:13"}
{"level":"error","message":"Internal server error With getAllUsers","service":"User Service","timestamp":"2024-05-20 14:41:13"}
{"level":"info","message":"Success get detail users validUserId","service":"User Service","timestamp":"2024-05-20 14:41:13"}
{"level":"error","message":"Request timed out while fetching user validUserId","service":"User Service","timestamp":"2024-05-20 14:41:13"}
{"level":"error","message":"Failed get detail users validUserId","service":"User Service","timestamp":"2024-05-20 14:41:13"}
{"level":"info","message":"Success update password for user validUserId","service":"User Service","timestamp":"2024-05-20 14:41:13"}
{"level":"error","message":"Failed update password for user validUserId","service":"User Service","timestamp":"2024-05-20 14:41:13"}
{"level":"info","message":"Success create users john@example.com","service":"User Service","timestamp":"2024-05-20 14:47:23"}
{"level":"error","message":"Internal server error create users","service":"User Service","timestamp":"2024-05-20 14:47:23"}
{"level":"info","message":"Success get list users","service":"User Service","timestamp":"2024-05-20 14:47:23"}
{"level":"error","message":"Failed with RTO","service":"User Service","timestamp":"2024-05-20 14:47:23"}
{"level":"error","message":"Internal server error With getAllUsers","service":"User Service","timestamp":"2024-05-20 14:47:23"}
{"level":"info","message":"Success get detail users validUserId","service":"User Service","timestamp":"2024-05-20 14:47:23"}
{"level":"error","message":"Request timed out while fetching user validUserId","service":"User Service","timestamp":"2024-05-20 14:47:23"}
{"level":"error","message":"Failed get detail users validUserId","service":"User Service","timestamp":"2024-05-20 14:47:23"}
{"level":"info","message":"Success update password for user validUserId","service":"User Service","timestamp":"2024-05-20 14:47:23"}
{"level":"error","message":"Failed update password for user validUserId","service":"User Service","timestamp":"2024-05-20 14:47:23"}
{"level":"info","message":"Success create users john@example.com","service":"User Service","timestamp":"2024-05-20 14:48:54"}
{"level":"error","message":"Internal server error create users","service":"User Service","timestamp":"2024-05-20 14:48:54"}
{"level":"info","message":"Success get list users","service":"User Service","timestamp":"2024-05-20 14:48:54"}
{"level":"error","message":"Failed with RTO","service":"User Service","timestamp":"2024-05-20 14:48:54"}
{"level":"error","message":"Internal server error With getAllUsers","service":"User Service","timestamp":"2024-05-20 14:48:54"}
{"level":"info","message":"Success get detail users validUserId","service":"User Service","timestamp":"2024-05-20 14:48:54"}
{"level":"error","message":"Request timed out while fetching user validUserId","service":"User Service","timestamp":"2024-05-20 14:48:54"}
{"level":"error","message":"Failed get detail users validUserId","service":"User Service","timestamp":"2024-05-20 14:48:54"}
{"level":"info","message":"Success update users validUserId","service":"User Service","timestamp":"2024-05-20 14:48:54"}
{"level":"error","message":"Failed update users validUserId","service":"User Service","timestamp":"2024-05-20 14:48:54"}
{"level":"info","message":"Success update password for user validUserId","service":"User Service","timestamp":"2024-05-20 14:48:54"}
{"level":"error","message":"Failed update password for user validUserId","service":"User Service","timestamp":"2024-05-20 14:48:54"}
{"level":"info","message":"Success create users john@example.com","service":"User Service","timestamp":"2024-05-20 14:53:14"}
{"level":"error","message":"Internal server error create users","service":"User Service","timestamp":"2024-05-20 14:53:14"}
{"level":"info","message":"Success get list users","service":"User Service","timestamp":"2024-05-20 14:53:14"}
{"level":"error","message":"Failed with RTO","service":"User Service","timestamp":"2024-05-20 14:53:14"}
{"level":"error","message":"Internal server error With getAllUsers","service":"User Service","timestamp":"2024-05-20 14:53:14"}
{"level":"info","message":"Success get detail users validUserId","service":"User Service","timestamp":"2024-05-20 14:53:14"}
{"level":"error","message":"Request timed out while fetching user validUserId","service":"User Service","timestamp":"2024-05-20 14:53:14"}
{"level":"error","message":"Failed get detail users validUserId","service":"User Service","timestamp":"2024-05-20 14:53:14"}
{"level":"info","message":"Success update users validUserId","service":"User Service","timestamp":"2024-05-20 14:53:14"}
{"level":"error","message":"Failed update users validUserId","service":"User Service","timestamp":"2024-05-20 14:53:14"}
{"level":"info","message":"Success update password for user validUserId","service":"User Service","timestamp":"2024-05-20 14:53:14"}
{"level":"error","message":"Failed update password for user validUserId","service":"User Service","timestamp":"2024-05-20 14:53:14"}
{"level":"info","message":"Success delete users validUserId","service":"User Service","timestamp":"2024-05-20 14:53:14"}
{"level":"error","message":"Failed delete users validUserId","service":"User Service","timestamp":"2024-05-20 14:53:14"}
{"level":"info","message":"Success create users john@example.com","service":"User Service","timestamp":"2024-05-20 14:56:57"}
{"level":"error","message":"Internal server error create users","service":"User Service","timestamp":"2024-05-20 14:56:57"}
{"level":"info","message":"Success get list users","service":"User Service","timestamp":"2024-05-20 14:56:57"}
{"level":"error","message":"Failed with RTO","service":"User Service","timestamp":"2024-05-20 14:56:57"}
{"level":"error","message":"Internal server error With getAllUsers","service":"User Service","timestamp":"2024-05-20 14:56:57"}
{"level":"info","message":"Success get detail users validUserId","service":"User Service","timestamp":"2024-05-20 14:56:57"}
{"level":"error","message":"Request timed out while fetching user validUserId","service":"User Service","timestamp":"2024-05-20 14:56:57"}
{"level":"error","message":"Failed get detail users validUserId","service":"User Service","timestamp":"2024-05-20 14:56:57"}
{"level":"info","message":"Success update users validUserId","service":"User Service","timestamp":"2024-05-20 14:56:57"}
{"level":"error","message":"Failed update users validUserId","service":"User Service","timestamp":"2024-05-20 14:56:57"}
{"level":"info","message":"Success update password for user validUserId","service":"User Service","timestamp":"2024-05-20 14:56:57"}
{"level":"error","message":"Failed update password for user validUserId","service":"User Service","timestamp":"2024-05-20 14:56:57"}
{"level":"info","message":"Success delete users validUserId","service":"User Service","timestamp":"2024-05-20 14:56:57"}
{"level":"error","message":"Failed delete users validUserId","service":"User Service","timestamp":"2024-05-20 14:56:57"}
{"level":"info","message":"Success create users john@example.com","service":"User Service","timestamp":"2024-05-20 15:32:41"}
{"level":"error","message":"Internal server error create users","service":"User Service","timestamp":"2024-05-20 15:32:41"}
{"level":"info","message":"Success get list users","service":"User Service","timestamp":"2024-05-20 15:32:41"}
{"level":"error","message":"Failed with RTO","service":"User Service","timestamp":"2024-05-20 15:32:41"}
{"level":"error","message":"Internal server error With getAllUsers","service":"User Service","timestamp":"2024-05-20 15:32:41"}
{"level":"info","message":"Success get detail users validUserId","service":"User Service","timestamp":"2024-05-20 15:32:41"}
{"level":"error","message":"Request timed out while fetching user validUserId","service":"User Service","timestamp":"2024-05-20 15:32:41"}
{"level":"error","message":"Failed get detail users validUserId","service":"User Service","timestamp":"2024-05-20 15:32:41"}
{"level":"info","message":"Success update users validUserId","service":"User Service","timestamp":"2024-05-20 15:32:41"}
{"level":"error","message":"Failed update users validUserId","service":"User Service","timestamp":"2024-05-20 15:32:41"}
{"level":"info","message":"Success update password for user validUserId","service":"User Service","timestamp":"2024-05-20 15:32:41"}
{"level":"error","message":"Failed update password for user validUserId","service":"User Service","timestamp":"2024-05-20 15:32:41"}
{"level":"info","message":"Success delete users validUserId","service":"User Service","timestamp":"2024-05-20 15:32:41"}
{"level":"error","message":"Failed delete users validUserId","service":"User Service","timestamp":"2024-05-20 15:32:41"}
{"level":"info","message":"Success create users john@example.com","service":"User Service","timestamp":"2024-05-20 15:33:43"}
{"level":"error","message":"Internal server error create users","service":"User Service","timestamp":"2024-05-20 15:33:43"}
{"level":"info","message":"Success get list users","service":"User Service","timestamp":"2024-05-20 15:33:43"}
{"level":"error","message":"Failed with RTO","service":"User Service","timestamp":"2024-05-20 15:33:43"}
{"level":"error","message":"Internal server error With getAllUsers","service":"User Service","timestamp":"2024-05-20 15:33:43"}
{"level":"info","message":"Success get detail users validUserId","service":"User Service","timestamp":"2024-05-20 15:33:43"}
{"level":"error","message":"Request timed out while fetching user validUserId","service":"User Service","timestamp":"2024-05-20 15:33:43"}
{"level":"error","message":"Failed get detail users validUserId","service":"User Service","timestamp":"2024-05-20 15:33:43"}
{"level":"info","message":"Success update users validUserId","service":"User Service","timestamp":"2024-05-20 15:33:43"}
{"level":"error","message":"Failed update users validUserId","service":"User Service","timestamp":"2024-05-20 15:33:43"}
{"level":"info","message":"Success update password for user validUserId","service":"User Service","timestamp":"2024-05-20 15:33:43"}
{"level":"error","message":"Failed update password for user validUserId","service":"User Service","timestamp":"2024-05-20 15:33:43"}
{"level":"info","message":"Success delete users validUserId","service":"User Service","timestamp":"2024-05-20 15:33:43"}
{"level":"error","message":"Failed delete users validUserId","service":"User Service","timestamp":"2024-05-20 15:33:43"}
{"level":"info","message":"Success create users john@example.com","service":"User Service","timestamp":"2024-05-20 15:34:02"}
{"level":"error","message":"Internal server error create users","service":"User Service","timestamp":"2024-05-20 15:34:02"}
{"level":"info","message":"Success get list users","service":"User Service","timestamp":"2024-05-20 15:34:02"}
{"level":"error","message":"Failed with RTO","service":"User Service","timestamp":"2024-05-20 15:34:02"}
{"level":"error","message":"Internal server error With getAllUsers","service":"User Service","timestamp":"2024-05-20 15:34:02"}
{"level":"info","message":"Success get detail users validUserId","service":"User Service","timestamp":"2024-05-20 15:34:02"}
{"level":"error","message":"Request timed out while fetching user validUserId","service":"User Service","timestamp":"2024-05-20 15:34:02"}
{"level":"error","message":"Failed get detail users validUserId","service":"User Service","timestamp":"2024-05-20 15:34:02"}
{"level":"info","message":"Success update users validUserId","service":"User Service","timestamp":"2024-05-20 15:34:02"}
{"level":"error","message":"Failed update users validUserId","service":"User Service","timestamp":"2024-05-20 15:34:02"}
{"level":"info","message":"Success update password for user validUserId","service":"User Service","timestamp":"2024-05-20 15:34:02"}
{"level":"error","message":"Failed update password for user validUserId","service":"User Service","timestamp":"2024-05-20 15:34:02"}
{"level":"info","message":"Success delete users validUserId","service":"User Service","timestamp":"2024-05-20 15:34:02"}
{"level":"error","message":"Failed delete users validUserId","service":"User Service","timestamp":"2024-05-20 15:34:02"}
{"level":"info","message":"Success create users john@example.com","service":"User Service","timestamp":"2024-05-20 15:36:53"}
{"level":"error","message":"Internal server error create users","service":"User Service","timestamp":"2024-05-20 15:36:53"}
{"level":"info","message":"Success get list users","service":"User Service","timestamp":"2024-05-20 15:36:53"}
{"level":"error","message":"Failed with RTO","service":"User Service","timestamp":"2024-05-20 15:36:53"}
{"level":"error","message":"Internal server error With getAllUsers","service":"User Service","timestamp":"2024-05-20 15:36:53"}
{"level":"info","message":"Success get detail users validUserId","service":"User Service","timestamp":"2024-05-20 15:36:53"}
{"level":"error","message":"Request timed out while fetching user validUserId","service":"User Service","timestamp":"2024-05-20 15:36:53"}
{"level":"error","message":"Failed get detail users validUserId","service":"User Service","timestamp":"2024-05-20 15:36:53"}
{"level":"info","message":"Success update users validUserId","service":"User Service","timestamp":"2024-05-20 15:36:53"}
{"level":"error","message":"Failed update users validUserId","service":"User Service","timestamp":"2024-05-20 15:36:53"}
{"level":"info","message":"Success update password for user validUserId","service":"User Service","timestamp":"2024-05-20 15:36:53"}
{"level":"error","message":"Failed update password for user validUserId","service":"User Service","timestamp":"2024-05-20 15:36:53"}
{"level":"info","message":"Success delete users validUserId","service":"User Service","timestamp":"2024-05-20 15:36:53"}
{"level":"error","message":"Failed delete users validUserId","service":"User Service","timestamp":"2024-05-20 15:36:53"}
{"level":"info","message":"Success create users john@example.com","service":"User Service","timestamp":"2024-05-20 15:41:02"}
{"level":"error","message":"Internal server error create users","service":"User Service","timestamp":"2024-05-20 15:41:02"}
{"level":"info","message":"Success get list users","service":"User Service","timestamp":"2024-05-20 15:41:02"}
{"level":"error","message":"Failed with RTO","service":"User Service","timestamp":"2024-05-20 15:41:02"}
{"level":"error","message":"Internal server error With getAllUsers","service":"User Service","timestamp":"2024-05-20 15:41:02"}
{"level":"info","message":"Success get detail users validUserId","service":"User Service","timestamp":"2024-05-20 15:41:02"}
{"level":"error","message":"Request timed out while fetching user validUserId","service":"User Service","timestamp":"2024-05-20 15:41:02"}
{"level":"error","message":"Failed get detail users validUserId","service":"User Service","timestamp":"2024-05-20 15:41:02"}
{"level":"info","message":"Success update users validUserId","service":"User Service","timestamp":"2024-05-20 15:41:02"}
{"level":"error","message":"Failed update users validUserId","service":"User Service","timestamp":"2024-05-20 15:41:02"}
{"level":"info","message":"Success update password for user validUserId","service":"User Service","timestamp":"2024-05-20 15:41:02"}
{"level":"error","message":"Failed update password for user validUserId","service":"User Service","timestamp":"2024-05-20 15:41:02"}
{"level":"info","message":"Success delete users validUserId","service":"User Service","timestamp":"2024-05-20 15:41:02"}
{"level":"error","message":"Failed delete users validUserId","service":"User Service","timestamp":"2024-05-20 15:41:02"}
